Using pre-set license
Built from '2020.2/release' branch; Version is '2020.2.2f1 (068178b99f32) revision 426360'; Using compiler version '192528614'; Build Type 'Release'
OS: 'Windows 10 Home; OS build 18363.1440; Version 1909; 64bit' Language: 'en' Physical Memory: 16323 MB
BatchMode: 1, IsHumanControllingUs: 0, StartBugReporterOnCrash: 0, Is64bit: 1, IsPro: 0

 COMMAND LINE ARGUMENTS:
C:\Program Files\Unity\Hub\Editor\2020.2.2f1\Editor\Unity.exe
-adb2
-batchMode
-noUpm
-name
AssetImportWorker0
-projectPath
F:/Project/LinemUp
-logFile
Logs/AssetImportWorker0.log
-srvPort
51190
Successfully changed project path to: F:/Project/LinemUp
F:/Project/LinemUp
Using Asset Import Pipeline V2.
Refreshing native plugins compatible for Editor in 34.65 ms, found 1 plugins.
Preloading 0 native plugins for Editor in 0.00 ms.
Initialize engine version: 2020.2.2f1 (068178b99f32)
[Subsystems] Discovering subsystems at path C:/Program Files/Unity/Hub/Editor/2020.2.2f1/Editor/Data/Resources/UnitySubsystems
[Subsystems] Discovering subsystems at path F:/Project/LinemUp/Assets
GfxDevice: creating device client; threaded=0
Direct3D:
    Version:  Direct3D 11.0 [level 11.1]
    Renderer: NVIDIA GeForce RTX 2080 Ti (ID=0x1e04)
    Vendor:   
    VRAM:     11048 MB
    Driver:   27.21.14.5671
Initialize mono
Mono path[0] = 'C:/Program Files/Unity/Hub/Editor/2020.2.2f1/Editor/Data/Managed'
Mono path[1] = 'C:/Program Files/Unity/Hub/Editor/2020.2.2f1/Editor/Data/MonoBleedingEdge/lib/mono/unityjit'
Mono config path = 'C:/Program Files/Unity/Hub/Editor/2020.2.2f1/Editor/Data/MonoBleedingEdge/etc'
Using monoOptions --debugger-agent=transport=dt_socket,embedding=1,server=y,suspend=n,address=127.0.0.1:56524
Begin MonoManager ReloadAssembly
Registering precompiled unity dll's ...
Register platform support module: C:/Program Files/Unity/Hub/Editor/2020.2.2f1/Editor/Data/PlaybackEngines/WindowsStandaloneSupport/UnityEditor.WindowsStandalone.Extensions.dll
Registered in 0.001484 seconds.
Native extension for WindowsStandalone target not found
Refreshing native plugins compatible for Editor in 35.14 ms, found 1 plugins.
Preloading 0 native plugins for Editor in 0.00 ms.
Invoked RoslynAnalysisRunner static constructor.
RoslynAnalysisRunner will not be running.
RoslynAnalysisRunner has terminated.
Mono: successfully reloaded assembly
- Completed reload, in  1.038 seconds
Platform modules already initialized, skipping
Registering precompiled user dll's ...
Registered in 0.000695 seconds.
Begin MonoManager ReloadAssembly
Native extension for WindowsStandalone target not found
Refreshing native plugins compatible for Editor in 39.90 ms, found 1 plugins.
Preloading 0 native plugins for Editor in 0.00 ms.
Invoked RoslynAnalysisRunner static constructor.
RoslynAnalysisRunner will not be running.
RoslynAnalysisRunner has terminated.
Mono: successfully reloaded assembly
- Completed reload, in  1.061 seconds
Platform modules already initialized, skipping
========================================================================
Worker process is ready to serve import requests
Launched and connected shader compiler UnityShaderCompiler.exe after 0.04 seconds
Refreshing native plugins compatible for Editor in 0.52 ms, found 1 plugins.
Preloading 0 native plugins for Editor in 0.00 ms.
Unloading 1794 Unused Serialized files (Serialized files now loaded: 0)
System memory in use before: 84.5 MB.
System memory in use after: 84.5 MB.

Unloading 24 unused Assets to reduce memory usage. Loaded Objects now: 2238.
Total: 4.164600 ms (FindLiveObjects: 0.243100 ms CreateObjectMapping: 0.075400 ms MarkObjects: 3.702800 ms  DeleteObjects: 0.141200 ms)

========================================================================
Received Import Request.
  path: Assets/Scripts/Tile.cs
  artifactKey: Guid(ab70b07b48cfe7044a58e2bfd0df0251) Importer(815301076,1909f56bfc062723c751e8b465ee728b)
Start importing Assets/Scripts/Tile.cs using Guid(ab70b07b48cfe7044a58e2bfd0df0251) Importer(815301076,1909f56bfc062723c751e8b465ee728b)  -> (artifact id: '44b595b66271373bae6ed1b2467de0d6') in 0.043712 seconds
  Import took 0.049452 seconds .

========================================================================
Received Import Request.
  Time since last request: 92.997763 seconds.
  path: Assets/Scripts/Tile.cs
  artifactKey: Guid(ab70b07b48cfe7044a58e2bfd0df0251) Importer(815301076,1909f56bfc062723c751e8b465ee728b)
Start importing Assets/Scripts/Tile.cs using Guid(ab70b07b48cfe7044a58e2bfd0df0251) Importer(815301076,1909f56bfc062723c751e8b465ee728b)  -> (artifact id: '21118f02e926711bf558cab7af9abc85') in 0.006793 seconds
  Import took 0.010870 seconds .

========================================================================
Received Import Request.
  Time since last request: 0.001331 seconds.
  path: Assets/Scripts/Tile.cs
  artifactKey: Guid(ab70b07b48cfe7044a58e2bfd0df0251) Importer(815301076,1909f56bfc062723c751e8b465ee728b)
Start importing Assets/Scripts/Tile.cs using Guid(ab70b07b48cfe7044a58e2bfd0df0251) Importer(815301076,1909f56bfc062723c751e8b465ee728b)  -> (artifact id: '21118f02e926711bf558cab7af9abc85') in 0.001621 seconds
  Import took 0.005020 seconds .

========================================================================
Received Import Request.
  Time since last request: 15.025411 seconds.
  path: Assets/Scripts/Tile.cs
  artifactKey: Guid(ab70b07b48cfe7044a58e2bfd0df0251) Importer(815301076,1909f56bfc062723c751e8b465ee728b)
Start importing Assets/Scripts/Tile.cs using Guid(ab70b07b48cfe7044a58e2bfd0df0251) Importer(815301076,1909f56bfc062723c751e8b465ee728b)  -> (artifact id: '494d3b846cce17071cd114c9c471a6ac') in 0.001985 seconds
  Import took 0.004872 seconds .

========================================================================
Received Import Request.
  Time since last request: 0.001167 seconds.
  path: Assets/Scripts/Tile.cs
  artifactKey: Guid(ab70b07b48cfe7044a58e2bfd0df0251) Importer(815301076,1909f56bfc062723c751e8b465ee728b)
Start importing Assets/Scripts/Tile.cs using Guid(ab70b07b48cfe7044a58e2bfd0df0251) Importer(815301076,1909f56bfc062723c751e8b465ee728b)  -> (artifact id: '494d3b846cce17071cd114c9c471a6ac') in 0.001669 seconds
  Import took 0.005711 seconds .

========================================================================
Received Import Request.
  Time since last request: 14.864796 seconds.
  path: Assets/Scripts/Tile.cs
  artifactKey: Guid(ab70b07b48cfe7044a58e2bfd0df0251) Importer(815301076,1909f56bfc062723c751e8b465ee728b)
Start importing Assets/Scripts/Tile.cs using Guid(ab70b07b48cfe7044a58e2bfd0df0251) Importer(815301076,1909f56bfc062723c751e8b465ee728b)  -> (artifact id: '2787361c16814aee76ebb9bc0f8d003c') in 0.001847 seconds
  Import took 0.005159 seconds .

========================================================================
Received Prepare
Registering precompiled user dll's ...
Registered in 0.000716 seconds.
Begin MonoManager ReloadAssembly
Native extension for WindowsStandalone target not found
Refreshing native plugins compatible for Editor in 0.35 ms, found 1 plugins.
Preloading 0 native plugins for Editor in 0.00 ms.
Invoked RoslynAnalysisRunner static constructor.
RoslynAnalysisRunner will not be running.
RoslynAnalysisRunner has terminated.
Mono: successfully reloaded assembly
- Completed reload, in  0.823 seconds
Platform modules already initialized, skipping
Refreshing native plugins compatible for Editor in 0.33 ms, found 1 plugins.
Preloading 0 native plugins for Editor in 0.00 ms.
Unloading 1789 Unused Serialized files (Serialized files now loaded: 0)
System memory in use before: 84.6 MB.
System memory in use after: 84.6 MB.

Unloading 12 unused Assets to reduce memory usage. Loaded Objects now: 2241.
Total: 2.012400 ms (FindLiveObjects: 0.202000 ms CreateObjectMapping: 0.062200 ms MarkObjects: 1.638200 ms  DeleteObjects: 0.109300 ms)

========================================================================
Received Import Request.
  Time since last request: 11.692367 seconds.
  path: Assets/Prefabs/Tile.prefab
  artifactKey: Guid(e13fbeebbd298ac44ac0b9e702f106b1) Importer(815301076,1909f56bfc062723c751e8b465ee728b)
Start importing Assets/Prefabs/Tile.prefab using Guid(e13fbeebbd298ac44ac0b9e702f106b1) Importer(815301076,1909f56bfc062723c751e8b465ee728b)  -> (artifact id: '5a9be0a38a7d053d24c4c79394dc4313') in 0.035841 seconds
  Import took 0.039089 seconds .

========================================================================
Received Import Request.
  Time since last request: 0.025180 seconds.
  path: Assets/Prefabs/Tile.prefab
  artifactKey: Guid(e13fbeebbd298ac44ac0b9e702f106b1) Importer(815301076,1909f56bfc062723c751e8b465ee728b)
Start importing Assets/Prefabs/Tile.prefab using Guid(e13fbeebbd298ac44ac0b9e702f106b1) Importer(815301076,1909f56bfc062723c751e8b465ee728b)  -> (artifact id: '5a9be0a38a7d053d24c4c79394dc4313') in 0.003207 seconds
  Import took 0.006352 seconds .

========================================================================
Received Prepare
Registering precompiled user dll's ...
Registered in 0.000670 seconds.
Begin MonoManager ReloadAssembly
Native extension for WindowsStandalone target not found
Refreshing native plugins compatible for Editor in 0.42 ms, found 1 plugins.
Preloading 0 native plugins for Editor in 0.00 ms.
Invoked RoslynAnalysisRunner static constructor.
RoslynAnalysisRunner will not be running.
RoslynAnalysisRunner has terminated.
Mono: successfully reloaded assembly
- Completed reload, in  0.889 seconds
Platform modules already initialized, skipping
Refreshing native plugins compatible for Editor in 0.34 ms, found 1 plugins.
Preloading 0 native plugins for Editor in 0.00 ms.
Unloading 1789 Unused Serialized files (Serialized files now loaded: 0)
System memory in use before: 84.8 MB.
System memory in use after: 84.8 MB.

Unloading 12 unused Assets to reduce memory usage. Loaded Objects now: 2244.
Total: 2.041800 ms (FindLiveObjects: 0.160900 ms CreateObjectMapping: 0.058900 ms MarkObjects: 1.711300 ms  DeleteObjects: 0.109700 ms)

========================================================================
Received Prepare
Registering precompiled user dll's ...
Registered in 0.000811 seconds.
Begin MonoManager ReloadAssembly
Native extension for WindowsStandalone target not found
Refreshing native plugins compatible for Editor in 0.33 ms, found 1 plugins.
Preloading 0 native plugins for Editor in 0.00 ms.
Invoked RoslynAnalysisRunner static constructor.
RoslynAnalysisRunner will not be running.
RoslynAnalysisRunner has terminated.
Mono: successfully reloaded assembly
- Completed reload, in  0.911 seconds
Platform modules already initialized, skipping
Refreshing native plugins compatible for Editor in 0.33 ms, found 1 plugins.
Preloading 0 native plugins for Editor in 0.00 ms.
Unloading 1789 Unused Serialized files (Serialized files now loaded: 0)
System memory in use before: 85.0 MB.
System memory in use after: 85.0 MB.

Unloading 12 unused Assets to reduce memory usage. Loaded Objects now: 2247.
Total: 2.017300 ms (FindLiveObjects: 0.185600 ms CreateObjectMapping: 0.057300 ms MarkObjects: 1.674300 ms  DeleteObjects: 0.098900 ms)

AssetImportWorkerClient::OnTransportError - code=2 error=End of file
